# Logfile created on 2019-05-15 23:53:29 +0700 by logger.rb/66358
I, [2019-05-15T23:54:55.178885 #4550]  INFO -- : 2019-05-15 16:54:55 UTC /john-m-ryals-3rd_id_G4652200435584911270
I, [2019-05-15T23:54:55.179008 #4550]  INFO -- : 2019-05-15 16:54:55 UTC https://www.fastpeoplesearch.com/john-m-ryals-3rd_id_G4652200435584911270
I, [2019-05-15T23:54:59.541738 #4550]  INFO -- : 2019-05-15 16:54:59 UTC /helen-marie-hunter_id_G3460841913294322926
I, [2019-05-15T23:54:59.541837 #4550]  INFO -- : 2019-05-15 16:54:59 UTC /helen-e-hunter_id_G7172242360802519063
I, [2019-05-15T23:54:59.541885 #4550]  INFO -- : 2019-05-15 16:54:59 UTC https://www.fastpeoplesearch.com/helen-marie-hunter_id_G3460841913294322926
I, [2019-05-15T23:55:07.763379 #4550]  INFO -- : 2019-05-15 16:55:07 UTC /ms-marie-t-desantis_id_G3682348836831410541
I, [2019-05-15T23:55:07.764139 #4550]  INFO -- : 2019-05-15 16:55:07 UTC /ms-rose-marie-desantis_id_G-8938877608733169180
I, [2019-05-15T23:55:07.764191 #4550]  INFO -- : 2019-05-15 16:55:07 UTC /marie-m-desantis_id_G-4996267415051282555
I, [2019-05-15T23:55:07.764235 #4550]  INFO -- : 2019-05-15 16:55:07 UTC /mary-ellen-desantis_id_G-3145355316416274581
I, [2019-05-15T23:55:07.764322 #4550]  INFO -- : 2019-05-15 16:55:07 UTC /mary-k-desantis_id_G-1421467077740471889
I, [2019-05-15T23:55:07.764372 #4550]  INFO -- : 2019-05-15 16:55:07 UTC /ms-marie-c-lapelusa_id_G6629301759045528688
I, [2019-05-15T23:55:07.764412 #4550]  INFO -- : 2019-05-15 16:55:07 UTC /ms-mary-clare-smith_id_G-5768085511070194010
I, [2019-05-15T23:55:07.764452 #4550]  INFO -- : 2019-05-15 16:55:07 UTC /ms-deborah-m-kane_id_G-419344484331612796
I, [2019-05-15T23:55:07.764492 #4550]  INFO -- : 2019-05-15 16:55:07 UTC /ms-elena-m-mclaughlin_id_G-1647448233848579114
I, [2019-05-15T23:55:07.764542 #4550]  INFO -- : 2019-05-15 16:55:07 UTC /ms-mary-m-hague_id_G-9073460893304141739
I, [2019-05-15T23:55:07.764578 #4550]  INFO -- : 2019-05-15 16:55:07 UTC https://www.fastpeoplesearch.com/ms-marie-t-desantis_id_G3682348836831410541
I, [2019-05-15T23:55:15.675813 #4550]  INFO -- : 2019-05-15 16:55:15 UTC /lawrence-frank-florio_id_G-166194489354849526
I, [2019-05-15T23:55:15.675921 #4550]  INFO -- : 2019-05-15 16:55:15 UTC /lawrence-anthony-florio_id_G5716513822419500031
I, [2019-05-15T23:55:15.675986 #4550]  INFO -- : 2019-05-15 16:55:15 UTC https://www.fastpeoplesearch.com/lawrence-frank-florio_id_G-166194489354849526
I, [2019-05-15T23:55:23.207790 #4550]  INFO -- : 2019-05-15 16:55:23 UTC /mr-charles-d-thomas_id_G6295270819200180279
I, [2019-05-15T23:55:23.210381 #4550]  INFO -- : 2019-05-15 16:55:23 UTC https://www.fastpeoplesearch.com/mr-charles-d-thomas_id_G6295270819200180279
I, [2019-05-16T06:18:16.169511 #1598]  INFO -- : 2019-05-15 23:18:16 UTC /john-m-ryals-3rd_id_G4652200435584911270
I, [2019-05-16T06:18:16.169842 #1598]  INFO -- : 2019-05-15 23:18:16 UTC https://www.fastpeoplesearch.com/john-m-ryals-3rd_id_G4652200435584911270
I, [2019-05-16T06:31:22.664758 #1668]  INFO -- : 2019-05-15 23:31:22 UTC /john-m-ryals-3rd_id_G4652200435584911270
I, [2019-05-16T06:31:22.664876 #1668]  INFO -- : 2019-05-15 23:31:22 UTC https://www.fastpeoplesearch.com/john-m-ryals-3rd_id_G4652200435584911270
I, [2019-05-16T06:37:40.631417 #1790]  INFO -- : 2019-05-15 23:37:40 UTC /john-m-ryals-3rd_id_G4652200435584911270
I, [2019-05-16T06:37:40.631532 #1790]  INFO -- : 2019-05-15 23:37:40 UTC https://www.fastpeoplesearch.com/john-m-ryals-3rd_id_G4652200435584911270
I, [2019-05-16T06:37:53.337670 #1790]  INFO -- : 2019-05-15 23:37:53 UTC /helen-marie-hunter_id_G3460841913294322926
I, [2019-05-16T06:37:53.337820 #1790]  INFO -- : 2019-05-15 23:37:53 UTC /helen-e-hunter_id_G7172242360802519063
I, [2019-05-16T06:37:53.337912 #1790]  INFO -- : 2019-05-15 23:37:53 UTC https://www.fastpeoplesearch.com/helen-marie-hunter_id_G3460841913294322926
I, [2019-05-16T06:38:15.337745 #1790]  INFO -- : 2019-05-15 23:38:15 UTC /ms-marie-t-desantis_id_G3682348836831410541
I, [2019-05-16T06:38:15.337837 #1790]  INFO -- : 2019-05-15 23:38:15 UTC /ms-rose-marie-desantis_id_G-8938877608733169180
I, [2019-05-16T06:38:15.337901 #1790]  INFO -- : 2019-05-15 23:38:15 UTC /marie-m-desantis_id_G-4996267415051282555
I, [2019-05-16T06:38:15.337942 #1790]  INFO -- : 2019-05-15 23:38:15 UTC /mary-ellen-desantis_id_G-3145355316416274581
I, [2019-05-16T06:38:15.337986 #1790]  INFO -- : 2019-05-15 23:38:15 UTC /mary-k-desantis_id_G-1421467077740471889
I, [2019-05-16T06:38:15.338025 #1790]  INFO -- : 2019-05-15 23:38:15 UTC /ms-marie-c-lapelusa_id_G6629301759045528688
I, [2019-05-16T06:38:15.338062 #1790]  INFO -- : 2019-05-15 23:38:15 UTC /ms-mary-clare-smith_id_G-5768085511070194010
I, [2019-05-16T06:38:15.338098 #1790]  INFO -- : 2019-05-15 23:38:15 UTC /ms-deborah-m-kane_id_G-419344484331612796
I, [2019-05-16T06:38:15.338138 #1790]  INFO -- : 2019-05-15 23:38:15 UTC /ms-elena-m-mclaughlin_id_G-1647448233848579114
I, [2019-05-16T06:38:15.338175 #1790]  INFO -- : 2019-05-15 23:38:15 UTC /ms-mary-m-hague_id_G-9073460893304141739
I, [2019-05-16T06:38:15.338206 #1790]  INFO -- : 2019-05-15 23:38:15 UTC https://www.fastpeoplesearch.com/ms-marie-t-desantis_id_G3682348836831410541
I, [2019-05-16T06:38:33.121669 #1790]  INFO -- : 2019-05-15 23:38:33 UTC /lawrence-frank-florio_id_G-166194489354849526
I, [2019-05-16T06:38:33.121785 #1790]  INFO -- : 2019-05-15 23:38:33 UTC /lawrence-anthony-florio_id_G5716513822419500031
I, [2019-05-16T06:38:33.121849 #1790]  INFO -- : 2019-05-15 23:38:33 UTC https://www.fastpeoplesearch.com/lawrence-frank-florio_id_G-166194489354849526
I, [2019-05-16T06:38:47.148552 #1790]  INFO -- : 2019-05-15 23:38:47 UTC /mr-charles-d-thomas_id_G6295270819200180279
I, [2019-05-16T06:38:47.148641 #1790]  INFO -- : 2019-05-15 23:38:47 UTC https://www.fastpeoplesearch.com/mr-charles-d-thomas_id_G6295270819200180279
I, [2019-05-16T06:45:43.163204 #1879]  INFO -- : 2019-05-15 23:45:43 UTC /john-m-ryals-3rd_id_G4652200435584911270
I, [2019-05-16T06:45:43.165134 #1879]  INFO -- : 2019-05-15 23:45:43 UTC https://www.fastpeoplesearch.com/john-m-ryals-3rd_id_G4652200435584911270
I, [2019-05-16T06:46:01.591051 #1879]  INFO -- : 2019-05-15 23:46:01 UTC /helen-marie-hunter_id_G3460841913294322926
I, [2019-05-16T06:46:01.591144 #1879]  INFO -- : 2019-05-15 23:46:01 UTC /helen-e-hunter_id_G7172242360802519063
I, [2019-05-16T06:46:01.591190 #1879]  INFO -- : 2019-05-15 23:46:01 UTC https://www.fastpeoplesearch.com/helen-marie-hunter_id_G3460841913294322926
I, [2019-05-16T06:46:14.867081 #1879]  INFO -- : 2019-05-15 23:46:14 UTC /ms-marie-t-desantis_id_G3682348836831410541
I, [2019-05-16T06:46:14.867175 #1879]  INFO -- : 2019-05-15 23:46:14 UTC /ms-rose-marie-desantis_id_G-8938877608733169180
I, [2019-05-16T06:46:14.867224 #1879]  INFO -- : 2019-05-15 23:46:14 UTC /marie-m-desantis_id_G-4996267415051282555
I, [2019-05-16T06:46:14.867954 #1879]  INFO -- : 2019-05-15 23:46:14 UTC /mary-ellen-desantis_id_G-3145355316416274581
I, [2019-05-16T06:46:14.868005 #1879]  INFO -- : 2019-05-15 23:46:14 UTC /mary-k-desantis_id_G-1421467077740471889
I, [2019-05-16T06:46:14.868048 #1879]  INFO -- : 2019-05-15 23:46:14 UTC /ms-marie-c-lapelusa_id_G6629301759045528688
I, [2019-05-16T06:46:14.868089 #1879]  INFO -- : 2019-05-15 23:46:14 UTC /ms-mary-clare-smith_id_G-5768085511070194010
I, [2019-05-16T06:46:14.868135 #1879]  INFO -- : 2019-05-15 23:46:14 UTC /ms-deborah-m-kane_id_G-419344484331612796
I, [2019-05-16T06:46:14.868178 #1879]  INFO -- : 2019-05-15 23:46:14 UTC /ms-elena-m-mclaughlin_id_G-1647448233848579114
I, [2019-05-16T06:46:14.868220 #1879]  INFO -- : 2019-05-15 23:46:14 UTC /ms-mary-m-hague_id_G-9073460893304141739
I, [2019-05-16T06:46:14.868257 #1879]  INFO -- : 2019-05-15 23:46:14 UTC https://www.fastpeoplesearch.com/ms-marie-t-desantis_id_G3682348836831410541
I, [2019-05-16T06:46:31.625018 #1879]  INFO -- : 2019-05-15 23:46:31 UTC /lawrence-frank-florio_id_G-166194489354849526
I, [2019-05-16T06:46:31.625117 #1879]  INFO -- : 2019-05-15 23:46:31 UTC /lawrence-anthony-florio_id_G5716513822419500031
I, [2019-05-16T06:46:31.625162 #1879]  INFO -- : 2019-05-15 23:46:31 UTC https://www.fastpeoplesearch.com/lawrence-frank-florio_id_G-166194489354849526
I, [2019-05-16T06:46:48.484983 #1879]  INFO -- : 2019-05-15 23:46:48 UTC /mr-charles-d-thomas_id_G6295270819200180279
I, [2019-05-16T06:46:48.485069 #1879]  INFO -- : 2019-05-15 23:46:48 UTC https://www.fastpeoplesearch.com/mr-charles-d-thomas_id_G6295270819200180279
I, [2019-05-16T06:49:19.126512 #1936]  INFO -- : 2019-05-15 23:49:19 UTC /john-m-ryals-3rd_id_G4652200435584911270
I, [2019-05-16T06:49:19.126640 #1936]  INFO -- : 2019-05-15 23:49:19 UTC https://www.fastpeoplesearch.com/john-m-ryals-3rd_id_G4652200435584911270
I, [2019-05-16T06:49:32.025490 #1936]  INFO -- : 2019-05-15 23:49:32 UTC /helen-marie-hunter_id_G3460841913294322926
I, [2019-05-16T06:49:32.025584 #1936]  INFO -- : 2019-05-15 23:49:32 UTC /helen-e-hunter_id_G7172242360802519063
I, [2019-05-16T06:49:32.025629 #1936]  INFO -- : 2019-05-15 23:49:32 UTC https://www.fastpeoplesearch.com/helen-marie-hunter_id_G3460841913294322926
I, [2019-05-16T06:49:44.185095 #1936]  INFO -- : 2019-05-15 23:49:44 UTC /ms-marie-t-desantis_id_G3682348836831410541
I, [2019-05-16T06:49:44.185193 #1936]  INFO -- : 2019-05-15 23:49:44 UTC /ms-rose-marie-desantis_id_G-8938877608733169180
I, [2019-05-16T06:49:44.185243 #1936]  INFO -- : 2019-05-15 23:49:44 UTC /marie-m-desantis_id_G-4996267415051282555
I, [2019-05-16T06:49:44.185286 #1936]  INFO -- : 2019-05-15 23:49:44 UTC /mary-ellen-desantis_id_G-3145355316416274581
I, [2019-05-16T06:49:44.185329 #1936]  INFO -- : 2019-05-15 23:49:44 UTC /mary-k-desantis_id_G-1421467077740471889
I, [2019-05-16T06:49:44.185370 #1936]  INFO -- : 2019-05-15 23:49:44 UTC /ms-marie-c-lapelusa_id_G6629301759045528688
I, [2019-05-16T06:49:44.185412 #1936]  INFO -- : 2019-05-15 23:49:44 UTC /ms-mary-clare-smith_id_G-5768085511070194010
I, [2019-05-16T06:49:44.185458 #1936]  INFO -- : 2019-05-15 23:49:44 UTC /ms-deborah-m-kane_id_G-419344484331612796
I, [2019-05-16T06:49:44.185499 #1936]  INFO -- : 2019-05-15 23:49:44 UTC /ms-elena-m-mclaughlin_id_G-1647448233848579114
I, [2019-05-16T06:49:44.185544 #1936]  INFO -- : 2019-05-15 23:49:44 UTC /ms-mary-m-hague_id_G-9073460893304141739
I, [2019-05-16T06:49:44.185581 #1936]  INFO -- : 2019-05-15 23:49:44 UTC https://www.fastpeoplesearch.com/ms-marie-t-desantis_id_G3682348836831410541
I, [2019-05-16T06:49:55.911464 #1936]  INFO -- : 2019-05-15 23:49:55 UTC /lawrence-frank-florio_id_G-166194489354849526
I, [2019-05-16T06:49:55.911569 #1936]  INFO -- : 2019-05-15 23:49:55 UTC /lawrence-anthony-florio_id_G5716513822419500031
I, [2019-05-16T06:49:55.911630 #1936]  INFO -- : 2019-05-15 23:49:55 UTC https://www.fastpeoplesearch.com/lawrence-frank-florio_id_G-166194489354849526
I, [2019-05-16T06:50:14.278446 #1936]  INFO -- : 2019-05-15 23:50:14 UTC /mr-charles-d-thomas_id_G6295270819200180279
I, [2019-05-16T06:50:14.278538 #1936]  INFO -- : 2019-05-15 23:50:14 UTC https://www.fastpeoplesearch.com/mr-charles-d-thomas_id_G6295270819200180279
I, [2019-05-16T06:51:22.003394 #1993]  INFO -- : 2019-05-15 23:51:22 UTC /john-m-ryals-3rd_id_G4652200435584911270
I, [2019-05-16T06:51:22.003519 #1993]  INFO -- : 2019-05-15 23:51:22 UTC https://www.fastpeoplesearch.com/john-m-ryals-3rd_id_G4652200435584911270
I, [2019-05-16T06:51:35.515377 #1993]  INFO -- : 2019-05-15 23:51:35 UTC /helen-marie-hunter_id_G3460841913294322926
I, [2019-05-16T06:51:35.515487 #1993]  INFO -- : 2019-05-15 23:51:35 UTC /helen-e-hunter_id_G7172242360802519063
I, [2019-05-16T06:51:35.515538 #1993]  INFO -- : 2019-05-15 23:51:35 UTC https://www.fastpeoplesearch.com/helen-marie-hunter_id_G3460841913294322926
I, [2019-05-16T06:51:46.433156 #1993]  INFO -- : 2019-05-15 23:51:46 UTC /ms-marie-t-desantis_id_G3682348836831410541
I, [2019-05-16T06:51:46.433248 #1993]  INFO -- : 2019-05-15 23:51:46 UTC /ms-rose-marie-desantis_id_G-8938877608733169180
I, [2019-05-16T06:51:46.433295 #1993]  INFO -- : 2019-05-15 23:51:46 UTC /marie-m-desantis_id_G-4996267415051282555
I, [2019-05-16T06:51:46.433468 #1993]  INFO -- : 2019-05-15 23:51:46 UTC /mary-ellen-desantis_id_G-3145355316416274581
I, [2019-05-16T06:51:46.433511 #1993]  INFO -- : 2019-05-15 23:51:46 UTC /mary-k-desantis_id_G-1421467077740471889
I, [2019-05-16T06:51:46.433585 #1993]  INFO -- : 2019-05-15 23:51:46 UTC /ms-marie-c-lapelusa_id_G6629301759045528688
I, [2019-05-16T06:51:46.433623 #1993]  INFO -- : 2019-05-15 23:51:46 UTC /ms-mary-clare-smith_id_G-5768085511070194010
I, [2019-05-16T06:51:46.433659 #1993]  INFO -- : 2019-05-15 23:51:46 UTC /ms-deborah-m-kane_id_G-419344484331612796
I, [2019-05-16T06:51:46.433695 #1993]  INFO -- : 2019-05-15 23:51:46 UTC /ms-elena-m-mclaughlin_id_G-1647448233848579114
I, [2019-05-16T06:51:46.433740 #1993]  INFO -- : 2019-05-15 23:51:46 UTC /ms-mary-m-hague_id_G-9073460893304141739
I, [2019-05-16T06:51:46.433773 #1993]  INFO -- : 2019-05-15 23:51:46 UTC https://www.fastpeoplesearch.com/ms-marie-t-desantis_id_G3682348836831410541
I, [2019-05-16T06:52:02.991752 #1993]  INFO -- : 2019-05-15 23:52:02 UTC /lawrence-frank-florio_id_G-166194489354849526
I, [2019-05-16T06:52:02.991836 #1993]  INFO -- : 2019-05-15 23:52:02 UTC /lawrence-anthony-florio_id_G5716513822419500031
I, [2019-05-16T06:52:02.991875 #1993]  INFO -- : 2019-05-15 23:52:02 UTC https://www.fastpeoplesearch.com/lawrence-frank-florio_id_G-166194489354849526
I, [2019-05-16T06:52:15.858038 #1993]  INFO -- : 2019-05-15 23:52:15 UTC /mr-charles-d-thomas_id_G6295270819200180279
I, [2019-05-16T06:52:15.858141 #1993]  INFO -- : 2019-05-15 23:52:15 UTC https://www.fastpeoplesearch.com/mr-charles-d-thomas_id_G6295270819200180279
I, [2019-05-16T07:08:05.530103 #2127]  INFO -- : 2019-05-16 00:08:05 UTC /john-m-ryals-3rd_id_G4652200435584911270
I, [2019-05-16T07:08:05.531396 #2127]  INFO -- : 2019-05-16 00:08:05 UTC https://www.fastpeoplesearch.com/john-m-ryals-3rd_id_G4652200435584911270
I, [2019-05-16T07:08:24.676193 #2127]  INFO -- : 2019-05-16 00:08:24 UTC /helen-marie-hunter_id_G3460841913294322926
I, [2019-05-16T07:08:24.676521 #2127]  INFO -- : 2019-05-16 00:08:24 UTC /helen-e-hunter_id_G7172242360802519063
I, [2019-05-16T07:08:24.676582 #2127]  INFO -- : 2019-05-16 00:08:24 UTC https://www.fastpeoplesearch.com/helen-marie-hunter_id_G3460841913294322926
I, [2019-05-16T07:08:49.937401 #2127]  INFO -- : 2019-05-16 00:08:49 UTC /ms-marie-t-desantis_id_G3682348836831410541
I, [2019-05-16T07:08:49.937518 #2127]  INFO -- : 2019-05-16 00:08:49 UTC /ms-rose-marie-desantis_id_G-8938877608733169180
I, [2019-05-16T07:08:49.937567 #2127]  INFO -- : 2019-05-16 00:08:49 UTC /marie-m-desantis_id_G-4996267415051282555
I, [2019-05-16T07:08:49.937611 #2127]  INFO -- : 2019-05-16 00:08:49 UTC /mary-ellen-desantis_id_G-3145355316416274581
I, [2019-05-16T07:08:49.937657 #2127]  INFO -- : 2019-05-16 00:08:49 UTC /mary-k-desantis_id_G-1421467077740471889
I, [2019-05-16T07:08:49.937698 #2127]  INFO -- : 2019-05-16 00:08:49 UTC /ms-marie-c-lapelusa_id_G6629301759045528688
I, [2019-05-16T07:08:49.937738 #2127]  INFO -- : 2019-05-16 00:08:49 UTC /ms-mary-clare-smith_id_G-5768085511070194010
I, [2019-05-16T07:08:49.937778 #2127]  INFO -- : 2019-05-16 00:08:49 UTC /ms-deborah-m-kane_id_G-419344484331612796
I, [2019-05-16T07:08:49.937818 #2127]  INFO -- : 2019-05-16 00:08:49 UTC /ms-elena-m-mclaughlin_id_G-1647448233848579114
I, [2019-05-16T07:08:49.937864 #2127]  INFO -- : 2019-05-16 00:08:49 UTC /ms-mary-m-hague_id_G-9073460893304141739
I, [2019-05-16T07:08:49.937900 #2127]  INFO -- : 2019-05-16 00:08:49 UTC https://www.fastpeoplesearch.com/ms-marie-t-desantis_id_G3682348836831410541
I, [2019-05-16T07:09:10.071307 #2127]  INFO -- : 2019-05-16 00:09:10 UTC /lawrence-frank-florio_id_G-166194489354849526
I, [2019-05-16T07:09:10.071423 #2127]  INFO -- : 2019-05-16 00:09:10 UTC /lawrence-anthony-florio_id_G5716513822419500031
I, [2019-05-16T07:09:10.071488 #2127]  INFO -- : 2019-05-16 00:09:10 UTC https://www.fastpeoplesearch.com/lawrence-frank-florio_id_G-166194489354849526
I, [2019-05-16T07:09:29.386484 #2127]  INFO -- : 2019-05-16 00:09:29 UTC /mr-charles-d-thomas_id_G6295270819200180279
I, [2019-05-16T07:09:29.386583 #2127]  INFO -- : 2019-05-16 00:09:29 UTC https://www.fastpeoplesearch.com/mr-charles-d-thomas_id_G6295270819200180279
I, [2019-05-16T07:18:12.452475 #2207]  INFO -- : 2019-05-16 00:18:12 UTC /john-m-ryals-3rd_id_G4652200435584911270
I, [2019-05-16T07:18:12.453620 #2207]  INFO -- : 2019-05-16 00:18:12 UTC https://www.fastpeoplesearch.com/john-m-ryals-3rd_id_G4652200435584911270
I, [2019-05-16T07:18:35.510679 #2207]  INFO -- : 2019-05-16 00:18:35 UTC /helen-marie-hunter_id_G3460841913294322926
I, [2019-05-16T07:18:35.510819 #2207]  INFO -- : 2019-05-16 00:18:35 UTC /helen-e-hunter_id_G7172242360802519063
I, [2019-05-16T07:18:35.510902 #2207]  INFO -- : 2019-05-16 00:18:35 UTC https://www.fastpeoplesearch.com/helen-marie-hunter_id_G3460841913294322926
I, [2019-05-16T07:18:46.620392 #2207]  INFO -- : 2019-05-16 00:18:46 UTC /ms-marie-t-desantis_id_G3682348836831410541
I, [2019-05-16T07:18:46.620747 #2207]  INFO -- : 2019-05-16 00:18:46 UTC /ms-rose-marie-desantis_id_G-8938877608733169180
I, [2019-05-16T07:18:46.620926 #2207]  INFO -- : 2019-05-16 00:18:46 UTC /marie-m-desantis_id_G-4996267415051282555
I, [2019-05-16T07:18:46.621029 #2207]  INFO -- : 2019-05-16 00:18:46 UTC /mary-ellen-desantis_id_G-3145355316416274581
I, [2019-05-16T07:18:46.621147 #2207]  INFO -- : 2019-05-16 00:18:46 UTC /mary-k-desantis_id_G-1421467077740471889
I, [2019-05-16T07:18:46.621198 #2207]  INFO -- : 2019-05-16 00:18:46 UTC /ms-marie-c-lapelusa_id_G6629301759045528688
I, [2019-05-16T07:18:46.621983 #2207]  INFO -- : 2019-05-16 00:18:46 UTC /ms-mary-clare-smith_id_G-5768085511070194010
I, [2019-05-16T07:18:46.622039 #2207]  INFO -- : 2019-05-16 00:18:46 UTC /ms-deborah-m-kane_id_G-419344484331612796
I, [2019-05-16T07:18:46.622085 #2207]  INFO -- : 2019-05-16 00:18:46 UTC /ms-elena-m-mclaughlin_id_G-1647448233848579114
I, [2019-05-16T07:18:46.622138 #2207]  INFO -- : 2019-05-16 00:18:46 UTC /ms-mary-m-hague_id_G-9073460893304141739
I, [2019-05-16T07:18:46.622181 #2207]  INFO -- : 2019-05-16 00:18:46 UTC https://www.fastpeoplesearch.com/ms-marie-t-desantis_id_G3682348836831410541
I, [2019-05-16T07:19:01.846177 #2207]  INFO -- : 2019-05-16 00:19:01 UTC /lawrence-frank-florio_id_G-166194489354849526
I, [2019-05-16T07:19:01.846273 #2207]  INFO -- : 2019-05-16 00:19:01 UTC /lawrence-anthony-florio_id_G5716513822419500031
I, [2019-05-16T07:19:01.846318 #2207]  INFO -- : 2019-05-16 00:19:01 UTC https://www.fastpeoplesearch.com/lawrence-frank-florio_id_G-166194489354849526
I, [2019-05-16T07:19:18.700716 #2207]  INFO -- : 2019-05-16 00:19:18 UTC /mr-charles-d-thomas_id_G6295270819200180279
I, [2019-05-16T07:19:18.700927 #2207]  INFO -- : 2019-05-16 00:19:18 UTC https://www.fastpeoplesearch.com/mr-charles-d-thomas_id_G6295270819200180279
I, [2019-05-16T07:24:24.480407 #2355]  INFO -- : 2019-05-16 00:24:24 UTC /john-m-ryals-3rd_id_G4652200435584911270
I, [2019-05-16T07:24:24.480745 #2355]  INFO -- : 2019-05-16 00:24:24 UTC https://www.fastpeoplesearch.com/john-m-ryals-3rd_id_G4652200435584911270
I, [2019-05-16T07:24:44.646616 #2355]  INFO -- : 2019-05-16 00:24:44 UTC /helen-marie-hunter_id_G3460841913294322926
I, [2019-05-16T07:24:44.646712 #2355]  INFO -- : 2019-05-16 00:24:44 UTC /helen-e-hunter_id_G7172242360802519063
I, [2019-05-16T07:24:44.646760 #2355]  INFO -- : 2019-05-16 00:24:44 UTC https://www.fastpeoplesearch.com/helen-marie-hunter_id_G3460841913294322926
I, [2019-05-16T07:24:56.763178 #2355]  INFO -- : 2019-05-16 00:24:56 UTC /ms-marie-t-desantis_id_G3682348836831410541
I, [2019-05-16T07:24:56.763285 #2355]  INFO -- : 2019-05-16 00:24:56 UTC /ms-rose-marie-desantis_id_G-8938877608733169180
I, [2019-05-16T07:24:56.763338 #2355]  INFO -- : 2019-05-16 00:24:56 UTC /marie-m-desantis_id_G-4996267415051282555
I, [2019-05-16T07:24:56.763383 #2355]  INFO -- : 2019-05-16 00:24:56 UTC /mary-ellen-desantis_id_G-3145355316416274581
I, [2019-05-16T07:24:56.763426 #2355]  INFO -- : 2019-05-16 00:24:56 UTC /mary-k-desantis_id_G-1421467077740471889
I, [2019-05-16T07:24:56.763468 #2355]  INFO -- : 2019-05-16 00:24:56 UTC /ms-marie-c-lapelusa_id_G6629301759045528688
I, [2019-05-16T07:24:56.763508 #2355]  INFO -- : 2019-05-16 00:24:56 UTC /ms-mary-clare-smith_id_G-5768085511070194010
I, [2019-05-16T07:24:56.763571 #2355]  INFO -- : 2019-05-16 00:24:56 UTC /ms-deborah-m-kane_id_G-419344484331612796
I, [2019-05-16T07:24:56.764330 #2355]  INFO -- : 2019-05-16 00:24:56 UTC /ms-elena-m-mclaughlin_id_G-1647448233848579114
I, [2019-05-16T07:24:56.764393 #2355]  INFO -- : 2019-05-16 00:24:56 UTC /ms-mary-m-hague_id_G-9073460893304141739
I, [2019-05-16T07:24:56.764429 #2355]  INFO -- : 2019-05-16 00:24:56 UTC https://www.fastpeoplesearch.com/ms-marie-t-desantis_id_G3682348836831410541
I, [2019-05-16T07:25:14.166403 #2355]  INFO -- : 2019-05-16 00:25:14 UTC /lawrence-frank-florio_id_G-166194489354849526
I, [2019-05-16T07:25:14.166496 #2355]  INFO -- : 2019-05-16 00:25:14 UTC /lawrence-anthony-florio_id_G5716513822419500031
I, [2019-05-16T07:25:14.166538 #2355]  INFO -- : 2019-05-16 00:25:14 UTC https://www.fastpeoplesearch.com/lawrence-frank-florio_id_G-166194489354849526
I, [2019-05-16T07:25:34.710662 #2355]  INFO -- : 2019-05-16 00:25:34 UTC /mr-charles-d-thomas_id_G6295270819200180279
I, [2019-05-16T07:25:34.710761 #2355]  INFO -- : 2019-05-16 00:25:34 UTC https://www.fastpeoplesearch.com/mr-charles-d-thomas_id_G6295270819200180279
I, [2019-05-16T07:28:59.417916 #2403]  INFO -- : 2019-05-16 00:28:59 UTC /john-m-ryals-3rd_id_G4652200435584911270
I, [2019-05-16T07:28:59.418044 #2403]  INFO -- : 2019-05-16 00:28:59 UTC https://www.fastpeoplesearch.com/john-m-ryals-3rd_id_G4652200435584911270
I, [2019-05-16T07:29:16.926524 #2403]  INFO -- : 2019-05-16 00:29:16 UTC /helen-marie-hunter_id_G3460841913294322926
I, [2019-05-16T07:29:16.926653 #2403]  INFO -- : 2019-05-16 00:29:16 UTC /helen-e-hunter_id_G7172242360802519063
I, [2019-05-16T07:29:16.926707 #2403]  INFO -- : 2019-05-16 00:29:16 UTC https://www.fastpeoplesearch.com/helen-marie-hunter_id_G3460841913294322926
I, [2019-05-16T07:29:44.434267 #2403]  INFO -- : 2019-05-16 00:29:44 UTC /ms-marie-t-desantis_id_G3682348836831410541
I, [2019-05-16T07:29:44.434362 #2403]  INFO -- : 2019-05-16 00:29:44 UTC /ms-rose-marie-desantis_id_G-8938877608733169180
I, [2019-05-16T07:29:44.434414 #2403]  INFO -- : 2019-05-16 00:29:44 UTC /marie-m-desantis_id_G-4996267415051282555
I, [2019-05-16T07:29:44.435004 #2403]  INFO -- : 2019-05-16 00:29:44 UTC /mary-ellen-desantis_id_G-3145355316416274581
I, [2019-05-16T07:29:44.435055 #2403]  INFO -- : 2019-05-16 00:29:44 UTC /mary-k-desantis_id_G-1421467077740471889
I, [2019-05-16T07:29:44.435102 #2403]  INFO -- : 2019-05-16 00:29:44 UTC /ms-marie-c-lapelusa_id_G6629301759045528688
I, [2019-05-16T07:29:44.435148 #2403]  INFO -- : 2019-05-16 00:29:44 UTC /ms-mary-clare-smith_id_G-5768085511070194010
I, [2019-05-16T07:29:44.435188 #2403]  INFO -- : 2019-05-16 00:29:44 UTC /ms-deborah-m-kane_id_G-419344484331612796
I, [2019-05-16T07:29:44.435228 #2403]  INFO -- : 2019-05-16 00:29:44 UTC /ms-elena-m-mclaughlin_id_G-1647448233848579114
I, [2019-05-16T07:29:44.435270 #2403]  INFO -- : 2019-05-16 00:29:44 UTC /ms-mary-m-hague_id_G-9073460893304141739
I, [2019-05-16T07:29:44.435306 #2403]  INFO -- : 2019-05-16 00:29:44 UTC https://www.fastpeoplesearch.com/ms-marie-t-desantis_id_G3682348836831410541
I, [2019-05-16T07:30:06.111633 #2403]  INFO -- : 2019-05-16 00:30:06 UTC /lawrence-frank-florio_id_G-166194489354849526
I, [2019-05-16T07:30:06.111738 #2403]  INFO -- : 2019-05-16 00:30:06 UTC /lawrence-anthony-florio_id_G5716513822419500031
I, [2019-05-16T07:30:06.111782 #2403]  INFO -- : 2019-05-16 00:30:06 UTC https://www.fastpeoplesearch.com/lawrence-frank-florio_id_G-166194489354849526
I, [2019-05-16T07:30:28.293508 #2403]  INFO -- : 2019-05-16 00:30:28 UTC /mr-charles-d-thomas_id_G6295270819200180279
I, [2019-05-16T07:30:28.293617 #2403]  INFO -- : 2019-05-16 00:30:28 UTC https://www.fastpeoplesearch.com/mr-charles-d-thomas_id_G6295270819200180279
I, [2019-05-16T07:33:03.952046 #2486]  INFO -- : 2019-05-16 00:33:03 UTC /john-m-ryals-3rd_id_G4652200435584911270
I, [2019-05-16T07:33:03.952159 #2486]  INFO -- : 2019-05-16 00:33:03 UTC https://www.fastpeoplesearch.com/john-m-ryals-3rd_id_G4652200435584911270
I, [2019-05-16T07:33:21.260326 #2486]  INFO -- : 2019-05-16 00:33:21 UTC /helen-marie-hunter_id_G3460841913294322926
I, [2019-05-16T07:33:21.260438 #2486]  INFO -- : 2019-05-16 00:33:21 UTC /helen-e-hunter_id_G7172242360802519063
I, [2019-05-16T07:33:21.260479 #2486]  INFO -- : 2019-05-16 00:33:21 UTC https://www.fastpeoplesearch.com/helen-marie-hunter_id_G3460841913294322926
I, [2019-05-16T07:33:43.944258 #2486]  INFO -- : 2019-05-16 00:33:43 UTC /ms-marie-t-desantis_id_G3682348836831410541
I, [2019-05-16T07:33:43.944343 #2486]  INFO -- : 2019-05-16 00:33:43 UTC /ms-rose-marie-desantis_id_G-8938877608733169180
I, [2019-05-16T07:33:43.944387 #2486]  INFO -- : 2019-05-16 00:33:43 UTC /marie-m-desantis_id_G-4996267415051282555
I, [2019-05-16T07:33:43.944426 #2486]  INFO -- : 2019-05-16 00:33:43 UTC /mary-ellen-desantis_id_G-3145355316416274581
I, [2019-05-16T07:33:43.944472 #2486]  INFO -- : 2019-05-16 00:33:43 UTC /mary-k-desantis_id_G-1421467077740471889
I, [2019-05-16T07:33:43.944510 #2486]  INFO -- : 2019-05-16 00:33:43 UTC /ms-marie-c-lapelusa_id_G6629301759045528688
I, [2019-05-16T07:33:43.944548 #2486]  INFO -- : 2019-05-16 00:33:43 UTC /ms-mary-clare-smith_id_G-5768085511070194010
I, [2019-05-16T07:33:43.944586 #2486]  INFO -- : 2019-05-16 00:33:43 UTC /ms-deborah-m-kane_id_G-419344484331612796
I, [2019-05-16T07:33:43.944624 #2486]  INFO -- : 2019-05-16 00:33:43 UTC /ms-elena-m-mclaughlin_id_G-1647448233848579114
I, [2019-05-16T07:33:43.944663 #2486]  INFO -- : 2019-05-16 00:33:43 UTC /ms-mary-m-hague_id_G-9073460893304141739
I, [2019-05-16T07:33:43.944700 #2486]  INFO -- : 2019-05-16 00:33:43 UTC https://www.fastpeoplesearch.com/ms-marie-t-desantis_id_G3682348836831410541
I, [2019-05-16T07:34:13.783825 #2486]  INFO -- : 2019-05-16 00:34:13 UTC /lawrence-frank-florio_id_G-166194489354849526
I, [2019-05-16T07:34:13.783927 #2486]  INFO -- : 2019-05-16 00:34:13 UTC /lawrence-anthony-florio_id_G5716513822419500031
I, [2019-05-16T07:34:13.783971 #2486]  INFO -- : 2019-05-16 00:34:13 UTC https://www.fastpeoplesearch.com/lawrence-frank-florio_id_G-166194489354849526
I, [2019-05-16T07:34:30.979691 #2486]  INFO -- : 2019-05-16 00:34:30 UTC /mr-charles-d-thomas_id_G6295270819200180279
I, [2019-05-16T07:34:30.979795 #2486]  INFO -- : 2019-05-16 00:34:30 UTC https://www.fastpeoplesearch.com/mr-charles-d-thomas_id_G6295270819200180279
I, [2019-05-16T07:34:51.585522 #2486]  INFO -- : 2019-05-16 00:34:51 UTC /andrew-p-johns_id_G-4309153566126217109
I, [2019-05-16T07:34:51.585626 #2486]  INFO -- : 2019-05-16 00:34:51 UTC /andrew-johns_id_G-6278461953168539143
I, [2019-05-16T07:34:51.585675 #2486]  INFO -- : 2019-05-16 00:34:51 UTC /mr-andrew-thomas-johns_id_G2030703557785649905
I, [2019-05-16T07:34:51.585720 #2486]  INFO -- : 2019-05-16 00:34:51 UTC /andrew-t-johns_id_G1024646327000870480
I, [2019-05-16T07:34:51.585762 #2486]  INFO -- : 2019-05-16 00:34:51 UTC /andrew-p-johns-3rd_id_G-6275038355776638737
I, [2019-05-16T07:34:51.585803 #2486]  INFO -- : 2019-05-16 00:34:51 UTC /mr-andrew-t-johns_id_G-2305336992112778552
I, [2019-05-16T07:34:51.585850 #2486]  INFO -- : 2019-05-16 00:34:51 UTC /andrew-k-johns_id_G591197965289801150
I, [2019-05-16T07:34:51.585892 #2486]  INFO -- : 2019-05-16 00:34:51 UTC /mr-andrew-p-johns_id_G3009430822381505348
I, [2019-05-16T07:34:51.585933 #2486]  INFO -- : 2019-05-16 00:34:51 UTC /mr-andrew-m-johns-jr_id_G-5116750536385053129
I, [2019-05-16T07:34:51.585974 #2486]  INFO -- : 2019-05-16 00:34:51 UTC /andrew-p-jonas-3rd_id_G-293652277512417969
I, [2019-05-16T07:34:51.586011 #2486]  INFO -- : 2019-05-16 00:34:51 UTC https://www.fastpeoplesearch.com/andrew-p-johns_id_G-4309153566126217109
I, [2019-05-16T07:35:20.490295 #2486]  INFO -- : 2019-05-16 00:35:20 UTC /jacqueline-hnath_id_G-2368620424041458305
I, [2019-05-16T07:35:20.490395 #2486]  INFO -- : 2019-05-16 00:35:20 UTC /ms-jacqueline-mary-hnath_id_G-4176006891287317815
I, [2019-05-16T07:35:20.490445 #2486]  INFO -- : 2019-05-16 00:35:20 UTC /jacqueline-a-hnath_id_G3163713324700264236
I, [2019-05-16T07:35:20.490485 #2486]  INFO -- : 2019-05-16 00:35:20 UTC https://www.fastpeoplesearch.com/jacqueline-hnath_id_G-2368620424041458305
I, [2019-05-16T07:35:42.140248 #2486]  INFO -- : 2019-05-16 00:35:42 UTC /mary-e-thompson_id_G8880184951559326449
I, [2019-05-16T07:35:42.140345 #2486]  INFO -- : 2019-05-16 00:35:42 UTC https://www.fastpeoplesearch.com/mary-e-thompson_id_G8880184951559326449
I, [2019-05-16T07:36:15.521356 #2486]  INFO -- : 2019-05-16 00:36:15 UTC /mr-jeffrey-k-squyres_id_G2519162959050671259
I, [2019-05-16T07:36:15.521453 #2486]  INFO -- : 2019-05-16 00:36:15 UTC https://www.fastpeoplesearch.com/mr-jeffrey-k-squyres_id_G2519162959050671259
I, [2019-05-16T07:36:38.921525 #2486]  INFO -- : 2019-05-16 00:36:38 UTC /elizabeth-a-sullivan_id_G-7022467696377531816
I, [2019-05-16T07:36:38.921674 #2486]  INFO -- : 2019-05-16 00:36:38 UTC /elizabeth-sullivan_id_G7410097522589821441
I, [2019-05-16T07:36:38.921744 #2486]  INFO -- : 2019-05-16 00:36:38 UTC /ms-elizabeth-anne-sullivan_id_G2994146580798940418
I, [2019-05-16T07:36:38.921815 #2486]  INFO -- : 2019-05-16 00:36:38 UTC /ms-elizabeth-wyckoff-sullivan_id_G-2007488841828010260
I, [2019-05-16T07:36:38.921885 #2486]  INFO -- : 2019-05-16 00:36:38 UTC /ms-elizabeth-h-williams_id_G-3839868920175476233
I, [2019-05-16T07:36:38.921954 #2486]  INFO -- : 2019-05-16 00:36:38 UTC /ms-elizabeth-l-fortunato_id_G2677244968675627921
I, [2019-05-16T07:36:38.922018 #2486]  INFO -- : 2019-05-16 00:36:38 UTC /ms-elizabeth-e-rich_id_G3712378647821335503
I, [2019-05-16T07:36:38.922063 #2486]  INFO -- : 2019-05-16 00:36:38 UTC /ms-elizabeth-ann-eckstein_id_G-2131838779877081255
I, [2019-05-16T07:36:38.922107 #2486]  INFO -- : 2019-05-16 00:36:38 UTC /ms-maureen-e-sullivan_id_G3399072203852799077
I, [2019-05-16T07:36:38.922150 #2486]  INFO -- : 2019-05-16 00:36:38 UTC /jennifer-lynn-fortado_id_G-4829886718247213771
I, [2019-05-16T07:36:38.922189 #2486]  INFO -- : 2019-05-16 00:36:38 UTC https://www.fastpeoplesearch.com/elizabeth-a-sullivan_id_G-7022467696377531816
I, [2019-05-16T07:37:05.095655 #2486]  INFO -- : 2019-05-16 00:37:05 UTC /mr-william-bo-o'connor_id_G912253696548558596
I, [2019-05-16T07:37:05.095761 #2486]  INFO -- : 2019-05-16 00:37:05 UTC /william-john-o'connor-jr_id_G4517595514251169113
I, [2019-05-16T07:37:05.095811 #2486]  INFO -- : 2019-05-16 00:37:05 UTC /mr-william-joseph-o'connor_id_G3041623149082027429
I, [2019-05-16T07:37:05.095857 #2486]  INFO -- : 2019-05-16 00:37:05 UTC /mr-william-l-o'connor_id_G8699171285657920169
I, [2019-05-16T07:37:05.095901 #2486]  INFO -- : 2019-05-16 00:37:05 UTC /mr-william-j-o'connor_id_G-7868903841849058312
I, [2019-05-16T07:37:05.095943 #2486]  INFO -- : 2019-05-16 00:37:05 UTC /william-j-o'connor-jr_id_G-2569908532041038086
I, [2019-05-16T07:37:05.095986 #2486]  INFO -- : 2019-05-16 00:37:05 UTC /william-jo-connor-jr_id_G-1625480508956418641
I, [2019-05-16T07:37:05.096028 #2486]  INFO -- : 2019-05-16 00:37:05 UTC /bill-j-o'connor_id_G168774567063704557
I, [2019-05-16T07:37:05.096069 #2486]  INFO -- : 2019-05-16 00:37:05 UTC /william-j-dellosa-jr_id_G8154845431441627256
I, [2019-05-16T07:37:05.096112 #2486]  INFO -- : 2019-05-16 00:37:05 UTC /ms-susan-a-o'connor_id_G-2323894917902240211
I, [2019-05-16T07:37:05.096149 #2486]  INFO -- : 2019-05-16 00:37:05 UTC https://www.fastpeoplesearch.com/mr-william-bo-o'connor_id_G912253696548558596
I, [2019-05-16T07:37:26.657935 #2486]  INFO -- : 2019-05-16 00:37:26 UTC /ms-carmen-b-howard-jr_id_G-7621235293630703180
I, [2019-05-16T07:37:26.658042 #2486]  INFO -- : 2019-05-16 00:37:26 UTC /carmen-b-howard_id_G-9048667834187900954
I, [2019-05-16T07:37:26.658092 #2486]  INFO -- : 2019-05-16 00:37:26 UTC /ms-carmen-c-howard_id_G-3121543074252533538
I, [2019-05-16T07:37:26.658136 #2486]  INFO -- : 2019-05-16 00:37:26 UTC /carmen-howard_id_G6221469399025271712
I, [2019-05-16T07:37:26.658179 #2486]  INFO -- : 2019-05-16 00:37:26 UTC /ms-carmen-vichot-vichot_id_G-1147365662074266760
I, [2019-05-16T07:37:26.658222 #2486]  INFO -- : 2019-05-16 00:37:26 UTC /mr-howard-dayton-carmen-jr_id_G-7648182033567177969
I, [2019-05-16T07:37:26.658264 #2486]  INFO -- : 2019-05-16 00:37:26 UTC /hydia-i-willis_id_G-1938627854601440710
I, [2019-05-16T07:37:26.658340 #2486]  INFO -- : 2019-05-16 00:37:26 UTC https://www.fastpeoplesearch.com/ms-carmen-b-howard-jr_id_G-7621235293630703180
I, [2019-05-16T07:37:48.182276 #2486]  INFO -- : 2019-05-16 00:37:48 UTC /ms-julia-x-granat_id_G710533815450484551
I, [2019-05-16T07:37:48.182500 #2486]  INFO -- : 2019-05-16 00:37:48 UTC https://www.fastpeoplesearch.com/ms-julia-x-granat_id_G710533815450484551
I, [2019-05-16T07:38:07.925728 #2486]  INFO -- : 2019-05-16 00:38:07 UTC /ms-julie-lee-johnson_id_G2186336334497382414
I, [2019-05-16T07:38:07.925835 #2486]  INFO -- : 2019-05-16 00:38:07 UTC /ms-julie-d-johnson_id_G5976939445451324827
I, [2019-05-16T07:38:07.925884 #2486]  INFO -- : 2019-05-16 00:38:07 UTC /julie-f-johnson_id_G8071764166813800025
I, [2019-05-16T07:38:07.925928 #2486]  INFO -- : 2019-05-16 00:38:07 UTC /ms-julia-f-johnson_id_G4378745466167543580
I, [2019-05-16T07:38:07.925971 #2486]  INFO -- : 2019-05-16 00:38:07 UTC /adrian-fritzsche_id_G5304768399202607333
I, [2019-05-16T07:38:07.926009 #2486]  INFO -- : 2019-05-16 00:38:07 UTC https://www.fastpeoplesearch.com/ms-julie-lee-johnson_id_G2186336334497382414
I, [2019-05-16T07:38:26.740717 #2486]  INFO -- : 2019-05-16 00:38:26 UTC /walter-a-lisowski_id_G-6882768431749740589
I, [2019-05-16T07:38:26.740820 #2486]  INFO -- : 2019-05-16 00:38:26 UTC /mr-walter-lisowski_id_G-3398595250174661195
I, [2019-05-16T07:38:26.740869 #2486]  INFO -- : 2019-05-16 00:38:26 UTC /walter-j-lisowski_id_G-2033236910363599312
I, [2019-05-16T07:38:26.740913 #2486]  INFO -- : 2019-05-16 00:38:26 UTC /mr-walter-e-lisowski_id_G7752235242253523734
I, [2019-05-16T07:38:26.740956 #2486]  INFO -- : 2019-05-16 00:38:26 UTC /walter-lisowski_id_G7492885326915158331
I, [2019-05-16T07:38:26.740993 #2486]  INFO -- : 2019-05-16 00:38:26 UTC https://www.fastpeoplesearch.com/walter-a-lisowski_id_G-6882768431749740589
I, [2019-05-16T07:38:46.798032 #2486]  INFO -- : 2019-05-16 00:38:46 UTC /ms-virginia-l-jones_id_G-726266729377047174
I, [2019-05-16T07:38:46.798141 #2486]  INFO -- : 2019-05-16 00:38:46 UTC /ms-virginia-g-jones_id_G-1134271788954940444
I, [2019-05-16T07:38:46.798191 #2486]  INFO -- : 2019-05-16 00:38:46 UTC /ms-virginia-gail-jones-jr_id_G-2488892997473842360
I, [2019-05-16T07:38:46.798236 #2486]  INFO -- : 2019-05-16 00:38:46 UTC /ms-virginia-lillie-jones_id_G-6365393514639694840
I, [2019-05-16T07:38:46.798279 #2486]  INFO -- : 2019-05-16 00:38:46 UTC /ms-virginia-n-rollins_id_G-4321307280389296983
I, [2019-05-16T07:38:46.798321 #2486]  INFO -- : 2019-05-16 00:38:46 UTC /ms-virginia-mae-roberts_id_G537860287817599390
I, [2019-05-16T07:38:46.798363 #2486]  INFO -- : 2019-05-16 00:38:46 UTC /virginia-lee-long_id_G-1263202419677791796
I, [2019-05-16T07:38:46.798405 #2486]  INFO -- : 2019-05-16 00:38:46 UTC /virginia-workman-workman_id_G-1659572383117999180
I, [2019-05-16T07:38:46.798447 #2486]  INFO -- : 2019-05-16 00:38:46 UTC /ms-virginia-cloyd_id_G-997637529878260425
I, [2019-05-16T07:38:46.798490 #2486]  INFO -- : 2019-05-16 00:38:46 UTC /alnisa-a-jones_id_G437757675540173530
I, [2019-05-16T07:38:46.798527 #2486]  INFO -- : 2019-05-16 00:38:46 UTC https://www.fastpeoplesearch.com/ms-virginia-l-jones_id_G-726266729377047174
I, [2019-05-16T07:39:05.234052 #2486]  INFO -- : 2019-05-16 00:39:05 UTC /anna-traylor_id_G8990801433398864447
I, [2019-05-16T07:39:05.234141 #2486]  INFO -- : 2019-05-16 00:39:05 UTC /elizabeth-ann-traylor_id_G-2226607403481051029
I, [2019-05-16T07:39:05.234190 #2486]  INFO -- : 2019-05-16 00:39:05 UTC /anna-l-traylor_id_G3281339231920873137
I, [2019-05-16T07:39:05.234236 #2486]  INFO -- : 2019-05-16 00:39:05 UTC /ms-anna-lee-traylor_id_G6266836999425995204
I, [2019-05-16T07:39:05.234279 #2486]  INFO -- : 2019-05-16 00:39:05 UTC /anna-traylor_id_G-8863377631742613700
I, [2019-05-16T07:39:05.234322 #2486]  INFO -- : 2019-05-16 00:39:05 UTC /anna-traylor_id_G2063611779719613397
I, [2019-05-16T07:39:05.234479 #2486]  INFO -- : 2019-05-16 00:39:05 UTC /ms-anne-p-traylor_id_G-4652543463049207995
I, [2019-05-16T07:39:05.234521 #2486]  INFO -- : 2019-05-16 00:39:05 UTC /anna-v-taylor_id_G-2924202823749428838
I, [2019-05-16T07:39:05.234590 #2486]  INFO -- : 2019-05-16 00:39:05 UTC /ms-ann-d-pollard_id_G-5804133152138574089
I, [2019-05-16T07:39:05.234630 #2486]  INFO -- : 2019-05-16 00:39:05 UTC /ms-anna-n-jones_id_G-8264072421837100729
I, [2019-05-16T07:39:05.234663 #2486]  INFO -- : 2019-05-16 00:39:05 UTC https://www.fastpeoplesearch.com/anna-traylor_id_G8990801433398864447
I, [2019-05-16T07:39:28.577278 #2486]  INFO -- : 2019-05-16 00:39:28 UTC /joseph-e-donovan-jr_id_G8363639496838138492
I, [2019-05-16T07:39:28.577391 #2486]  INFO -- : 2019-05-16 00:39:28 UTC /mr-joseph-e-donovan-jr_id_G4083652427778898934
I, [2019-05-16T07:39:28.577441 #2486]  INFO -- : 2019-05-16 00:39:28 UTC /joseph-e-donovan_id_G-3993107761344740830
I, [2019-05-16T07:39:28.577487 #2486]  INFO -- : 2019-05-16 00:39:28 UTC /jacque-t-donovan-jr_id_G-7244136566172427602
I, [2019-05-16T07:39:28.577526 #2486]  INFO -- : 2019-05-16 00:39:28 UTC https://www.fastpeoplesearch.com/joseph-e-donovan-jr_id_G8363639496838138492
I, [2019-05-16T07:39:53.493440 #2486]  INFO -- : 2019-05-16 00:39:53 UTC /frances-m-inafuku_id_G-5819452880593846725
I, [2019-05-16T07:39:53.493541 #2486]  INFO -- : 2019-05-16 00:39:53 UTC https://www.fastpeoplesearch.com/frances-m-inafuku_id_G-5819452880593846725
I, [2019-05-16T07:40:13.320243 #2486]  INFO -- : 2019-05-16 00:40:13 UTC /edward-david-smith_id_G-8632011731210161706
I, [2019-05-16T07:40:13.320330 #2486]  INFO -- : 2019-05-16 00:40:13 UTC /mr-charles-edward-crompton-jr_id_G1244688898832101511
I, [2019-05-16T07:40:13.320373 #2486]  INFO -- : 2019-05-16 00:40:13 UTC https://www.fastpeoplesearch.com/edward-david-smith_id_G-8632011731210161706
I, [2019-05-16T07:40:34.283452 #2486]  INFO -- : 2019-05-16 00:40:34 UTC /mr-earl-a-gordon-jr_id_G6780153372696521346
I, [2019-05-16T07:40:34.283553 #2486]  INFO -- : 2019-05-16 00:40:34 UTC https://www.fastpeoplesearch.com/mr-earl-a-gordon-jr_id_G6780153372696521346
I, [2019-05-16T07:40:57.343598 #2486]  INFO -- : 2019-05-16 00:40:57 UTC /harry-han_id_G-6147365563210097547
I, [2019-05-16T07:40:57.344164 #2486]  INFO -- : 2019-05-16 00:40:57 UTC /harry-d-han_id_G-6837315585756031667
I, [2019-05-16T07:40:57.344224 #2486]  INFO -- : 2019-05-16 00:40:57 UTC /harold-g-hanley_id_G714269353033939668
I, [2019-05-16T07:40:57.344267 #2486]  INFO -- : 2019-05-16 00:40:57 UTC https://www.fastpeoplesearch.com/harry-han_id_G-6147365563210097547
I, [2019-05-16T07:41:17.306346 #2486]  INFO -- : 2019-05-16 00:41:17 UTC /william-e-pittman_id_G-3425636687483958225
I, [2019-05-16T07:41:17.306446 #2486]  INFO -- : 2019-05-16 00:41:17 UTC /william-e-pittman_id_G8571863090722926583
I, [2019-05-16T07:41:17.306495 #2486]  INFO -- : 2019-05-16 00:41:17 UTC /billy-wade-pittman_id_G2522584289989649499
I, [2019-05-16T07:41:17.306535 #2486]  INFO -- : 2019-05-16 00:41:17 UTC https://www.fastpeoplesearch.com/william-e-pittman_id_G-3425636687483958225
I, [2019-05-16T07:41:33.002731 #2486]  INFO -- : 2019-05-16 00:41:33 UTC /ms-grace-dorene-ellis_id_G-5319698930464888210
I, [2019-05-16T07:41:33.002897 #2486]  INFO -- : 2019-05-16 00:41:33 UTC /ms-grace-h-ellis_id_G3324117778572239568
I, [2019-05-16T07:41:33.003012 #2486]  INFO -- : 2019-05-16 00:41:33 UTC /ms-grace-c-ellis_id_G5990576279396964981
I, [2019-05-16T07:41:33.003110 #2486]  INFO -- : 2019-05-16 00:41:33 UTC /grace-l-ellis_id_G2798218214725615450
I, [2019-05-16T07:41:33.003173 #2486]  INFO -- : 2019-05-16 00:41:33 UTC /ms-grace-l-ellis_id_G8610389158307670719
I, [2019-05-16T07:41:33.003233 #2486]  INFO -- : 2019-05-16 00:41:33 UTC /grace-j-ellis_id_G6276931844644154628
I, [2019-05-16T07:41:33.003304 #2486]  INFO -- : 2019-05-16 00:41:33 UTC /ms-grace-marie-gullett_id_G-6641551515385528884
I, [2019-05-16T07:41:33.003367 #2486]  INFO -- : 2019-05-16 00:41:33 UTC /mr-hieu-trung-nguyen_id_G1898522340077709936
I, [2019-05-16T07:41:33.003420 #2486]  INFO -- : 2019-05-16 00:41:33 UTC https://www.fastpeoplesearch.com/ms-grace-dorene-ellis_id_G-5319698930464888210
I, [2019-05-16T07:41:55.902771 #2486]  INFO -- : 2019-05-16 00:41:55 UTC /mr-william-thomas-selby-jr_id_G2753100972116329464
I, [2019-05-16T07:41:55.902900 #2486]  INFO -- : 2019-05-16 00:41:55 UTC /william-r-selby_id_G-5632347180047415238
I, [2019-05-16T07:41:55.902941 #2486]  INFO -- : 2019-05-16 00:41:55 UTC https://www.fastpeoplesearch.com/mr-william-thomas-selby-jr_id_G2753100972116329464
I, [2019-05-16T07:42:17.977271 #2486]  INFO -- : 2019-05-16 00:42:17 UTC /mr-charles-borden-benjamin_id_G-2655362905863594641
I, [2019-05-16T07:42:17.977375 #2486]  INFO -- : 2019-05-16 00:42:17 UTC /charles-b-benjamin_id_G-1744429926870935368
I, [2019-05-16T07:42:17.977419 #2486]  INFO -- : 2019-05-16 00:42:17 UTC https://www.fastpeoplesearch.com/mr-charles-borden-benjamin_id_G-2655362905863594641
I, [2019-05-16T07:42:46.061583 #2486]  INFO -- : 2019-05-16 00:42:46 UTC /mary-r-o'connor_id_G-7977680394616685375
I, [2019-05-16T07:42:46.061694 #2486]  INFO -- : 2019-05-16 00:42:46 UTC /mary-m-o'connor_id_G8925169431711137488
I, [2019-05-16T07:42:46.061744 #2486]  INFO -- : 2019-05-16 00:42:46 UTC /ms-mary-j-o'connor_id_G8298042471059803185
I, [2019-05-16T07:42:46.061790 #2486]  INFO -- : 2019-05-16 00:42:46 UTC /mary-kathleen-o'connor_id_G1899006420500186742
I, [2019-05-16T07:42:46.061834 #2486]  INFO -- : 2019-05-16 00:42:46 UTC /mary-c-o'connor_id_G6767266450577590129
I, [2019-05-16T07:42:46.061876 #2486]  INFO -- : 2019-05-16 00:42:46 UTC /ms-mary-b-o'connor_id_G-4697690259266891776
I, [2019-05-16T07:42:46.061919 #2486]  INFO -- : 2019-05-16 00:42:46 UTC /ms-mary-anne-geary_id_G4626626926394678732
I, [2019-05-16T07:42:46.061961 #2486]  INFO -- : 2019-05-16 00:42:46 UTC /ms-mary-e-conboy_id_G-6057155765259187648
I, [2019-05-16T07:42:46.062003 #2486]  INFO -- : 2019-05-16 00:42:46 UTC /ms-mary-margaret-decker_id_G1989246816123963314
I, [2019-05-16T07:42:46.062046 #2486]  INFO -- : 2019-05-16 00:42:46 UTC /mary-e-miller_id_G-9102459454432094657
I, [2019-05-16T07:42:46.062084 #2486]  INFO -- : 2019-05-16 00:42:46 UTC https://www.fastpeoplesearch.com/mary-r-o'connor_id_G-7977680394616685375
I, [2019-05-16T07:43:01.578142 #2486]  INFO -- : 2019-05-16 00:43:01 UTC /mabel-catharine-lyons_id_G1375925421711833732
I, [2019-05-16T07:43:01.578252 #2486]  INFO -- : 2019-05-16 00:43:01 UTC /mabel-s-lyon_id_G-3798548740260700791
I, [2019-05-16T07:43:01.578309 #2486]  INFO -- : 2019-05-16 00:43:01 UTC /mabel-v-lyon_id_G-2742639366000853985
I, [2019-05-16T07:43:01.578359 #2486]  INFO -- : 2019-05-16 00:43:01 UTC /mabel-lyon_id_G5096101681610296285
I, [2019-05-16T07:43:01.578407 #2486]  INFO -- : 2019-05-16 00:43:01 UTC /mabel-lyon_id_G8165596581507888931
I, [2019-05-16T07:43:01.578465 #2486]  INFO -- : 2019-05-16 00:43:01 UTC /mabel-lyon_id_G7283620527409266698
I, [2019-05-16T07:43:01.578509 #2486]  INFO -- : 2019-05-16 00:43:01 UTC /mabel-lyon_id_G-3745137644242670814
I, [2019-05-16T07:43:01.578549 #2486]  INFO -- : 2019-05-16 00:43:01 UTC https://www.fastpeoplesearch.com/mabel-catharine-lyons_id_G1375925421711833732
I, [2019-05-16T07:43:20.927214 #2486]  INFO -- : 2019-05-16 00:43:20 UTC /brumfield-hd_id_G3768319005259681875
I, [2019-05-16T07:43:20.927316 #2486]  INFO -- : 2019-05-16 00:43:20 UTC /harker-d-brumfield_id_G-5986409034811883389
I, [2019-05-16T07:43:20.927360 #2486]  INFO -- : 2019-05-16 00:43:20 UTC https://www.fastpeoplesearch.com/brumfield-hd_id_G3768319005259681875
I, [2019-05-16T07:43:39.274243 #2486]  INFO -- : 2019-05-16 00:43:39 UTC /mr-john-p-mcmahon_id_G-7147133672228136396
I, [2019-05-16T07:43:39.274336 #2486]  INFO -- : 2019-05-16 00:43:39 UTC /john-joseph-mcmahon-4th_id_G708693264748977083
I, [2019-05-16T07:43:39.274385 #2486]  INFO -- : 2019-05-16 00:43:39 UTC /mr-john-gerald-mcmahon-jr_id_G-377914341108560736
I, [2019-05-16T07:43:39.274430 #2486]  INFO -- : 2019-05-16 00:43:39 UTC /mr-john-p-mcmahon_id_G-4756521511247341266
I, [2019-05-16T07:43:39.274473 #2486]  INFO -- : 2019-05-16 00:43:39 UTC /mr-john-d-mcmahon_id_G-3221097237730046859
I, [2019-05-16T07:43:39.274514 #2486]  INFO -- : 2019-05-16 00:43:39 UTC /john-j-mcmahon-3rd_id_G-3098169428923247338
I, [2019-05-16T07:43:39.274581 #2486]  INFO -- : 2019-05-16 00:43:39 UTC /ms-carole-t-mcmahon_id_G2855593312712167003
I, [2019-05-16T07:43:39.274621 #2486]  INFO -- : 2019-05-16 00:43:39 UTC /julie-t-mcmahon_id_G315513997703793932
I, [2019-05-16T07:43:39.274659 #2486]  INFO -- : 2019-05-16 00:43:39 UTC /john-francis_id_G-9005172920443679954
I, [2019-05-16T07:43:39.274698 #2486]  INFO -- : 2019-05-16 00:43:39 UTC /mr-john-j-depaul_id_G9216505438541894413
I, [2019-05-16T07:43:39.274732 #2486]  INFO -- : 2019-05-16 00:43:39 UTC https://www.fastpeoplesearch.com/mr-john-p-mcmahon_id_G-7147133672228136396
I, [2019-05-16T07:44:12.854215 #2486]  INFO -- : 2019-05-16 00:44:12 UTC /ms-elaine-e-warner_id_G-158973048376975143
I, [2019-05-16T07:44:12.854390 #2486]  INFO -- : 2019-05-16 00:44:12 UTC /elaine-e-warner_id_G-1807837721934970947
I, [2019-05-16T07:44:12.854519 #2486]  INFO -- : 2019-05-16 00:44:12 UTC https://www.fastpeoplesearch.com/ms-elaine-e-warner_id_G-158973048376975143
I, [2019-05-16T07:44:32.827304 #2486]  INFO -- : 2019-05-16 00:44:32 UTC /mr-william-joseph-taormina_id_G-6057826982946277688
I, [2019-05-16T07:44:32.827407 #2486]  INFO -- : 2019-05-16 00:44:32 UTC /william-joseph-taormina_id_G7554806915679285411
I, [2019-05-16T07:44:32.827460 #2486]  INFO -- : 2019-05-16 00:44:32 UTC /ms-bridget-ann-taormina_id_G-5900005569077995892
I, [2019-05-16T07:44:32.827512 #2486]  INFO -- : 2019-05-16 00:44:32 UTC https://www.fastpeoplesearch.com/mr-william-joseph-taormina_id_G-6057826982946277688
I, [2019-05-16T07:45:07.006932 #2486]  INFO -- : 2019-05-16 00:45:07 UTC /elizabeth-r-lico_id_G-2190130065208028523
I, [2019-05-16T07:45:07.007104 #2486]  INFO -- : 2019-05-16 00:45:07 UTC /elizabeth-lico_id_G-6944913854487302856
I, [2019-05-16T07:45:07.007188 #2486]  INFO -- : 2019-05-16 00:45:07 UTC /elizabeth-lico_id_G-2226846614906242312
I, [2019-05-16T07:45:07.007252 #2486]  INFO -- : 2019-05-16 00:45:07 UTC /ms-elizabeth-d-liao_id_G-6404010322373095123
I, [2019-05-16T07:45:07.007305 #2486]  INFO -- : 2019-05-16 00:45:07 UTC https://www.fastpeoplesearch.com/elizabeth-r-lico_id_G-2190130065208028523
I, [2019-05-16T07:45:18.595131 #2486]  INFO -- : 2019-05-16 00:45:18 UTC /william-j-bivens_id_G-3978793755587517639
I, [2019-05-16T07:45:18.595240 #2486]  INFO -- : 2019-05-16 00:45:18 UTC /william-joseph-bivens_id_G5929416562006956938
I, [2019-05-16T07:45:18.595292 #2486]  INFO -- : 2019-05-16 00:45:18 UTC https://www.fastpeoplesearch.com/william-j-bivens_id_G-3978793755587517639
I, [2019-05-16T07:45:30.864074 #2486]  INFO -- : 2019-05-16 00:45:30 UTC /elizabeth-lico_id_G-2226846614906242312
I, [2019-05-16T07:45:30.864170 #2486]  INFO -- : 2019-05-16 00:45:30 UTC /elizabeth-r-lico_id_G-2190130065208028523
I, [2019-05-16T07:45:30.864223 #2486]  INFO -- : 2019-05-16 00:45:30 UTC /elizabeth-lico_id_G-6944913854487302856
I, [2019-05-16T07:45:30.864289 #2486]  INFO -- : 2019-05-16 00:45:30 UTC /ms-elizabeth-d-liao_id_G-6404010322373095123
I, [2019-05-16T07:45:30.864393 #2486]  INFO -- : 2019-05-16 00:45:30 UTC https://www.fastpeoplesearch.com/elizabeth-lico_id_G-2226846614906242312
I, [2019-05-16T07:45:51.394273 #2486]  INFO -- : 2019-05-16 00:45:51 UTC /sebastian-gonzalez_id_G-7994981750783516594
I, [2019-05-16T07:45:51.394408 #2486]  INFO -- : 2019-05-16 00:45:51 UTC /mr-sebastian-m-gonzalez_id_G-2793615832819731683
I, [2019-05-16T07:45:51.394477 #2486]  INFO -- : 2019-05-16 00:45:51 UTC /sebastian-p-gonzalez_id_G-6599451710775034694
I, [2019-05-16T07:45:51.394580 #2486]  INFO -- : 2019-05-16 00:45:51 UTC /sebastian-a-rd-gonzales-jr_id_G-539461430575074189
I, [2019-05-16T07:45:51.394654 #2486]  INFO -- : 2019-05-16 00:45:51 UTC /sebastian-m-mazuca-jr_id_G2172994864204860897
I, [2019-05-16T07:45:51.394731 #2486]  INFO -- : 2019-05-16 00:45:51 UTC https://www.fastpeoplesearch.com/sebastian-gonzalez_id_G-7994981750783516594
I, [2019-05-16T07:46:17.235795 #2486]  INFO -- : 2019-05-16 00:46:17 UTC /sarah-l-blaziek_id_G5129396537385355812
I, [2019-05-16T07:46:17.235904 #2486]  INFO -- : 2019-05-16 00:46:17 UTC https://www.fastpeoplesearch.com/sarah-l-blaziek_id_G5129396537385355812
I, [2019-05-16T07:46:37.714156 #2486]  INFO -- : 2019-05-16 00:46:37 UTC /jasmyne-c-johnston_id_G7760797621226531083
I, [2019-05-16T07:46:37.714245 #2486]  INFO -- : 2019-05-16 00:46:37 UTC https://www.fastpeoplesearch.com/jasmyne-c-johnston_id_G7760797621226531083
I, [2019-05-16T07:46:57.013796 #2486]  INFO -- : 2019-05-16 00:46:57 UTC /ms-elizabeth-g-serrano_id_G-8630861674661390992
I, [2019-05-16T07:46:57.013909 #2486]  INFO -- : 2019-05-16 00:46:57 UTC /ms-elizabeth-a-serrano_id_G-2623183839482400157
I, [2019-05-16T07:46:57.013978 #2486]  INFO -- : 2019-05-16 00:46:57 UTC /elizabeth-a-serrano_id_G-4296565101658427978
I, [2019-05-16T07:46:57.014040 #2486]  INFO -- : 2019-05-16 00:46:57 UTC /ms-elizabeth-serrano_id_G2489974324740734183
I, [2019-05-16T07:46:57.014101 #2486]  INFO -- : 2019-05-16 00:46:57 UTC /ms-maria-elizabeth-serrano_id_G-4459847607155528286
I, [2019-05-16T07:46:57.014159 #2486]  INFO -- : 2019-05-16 00:46:57 UTC /ms-elizabeth-i-serrano_id_G3729398290548346219
I, [2019-05-16T07:46:57.014217 #2486]  INFO -- : 2019-05-16 00:46:57 UTC /elizabeth-cindy-serrano_id_G2399278723737028616
I, [2019-05-16T07:46:57.014314 #2486]  INFO -- : 2019-05-16 00:46:57 UTC /ms-elizabeth-ada-serrano-4th_id_G-5244330627695258602
I, [2019-05-16T07:46:57.014411 #2486]  INFO -- : 2019-05-16 00:46:57 UTC /elizabeth-s-gonzalez_id_G6369921458053165052
I, [2019-05-16T07:46:57.014483 #2486]  INFO -- : 2019-05-16 00:46:57 UTC /estela-l-ramirez_id_G-7686315388698628217
I, [2019-05-16T07:46:57.014563 #2486]  INFO -- : 2019-05-16 00:46:57 UTC https://www.fastpeoplesearch.com/ms-elizabeth-g-serrano_id_G-8630861674661390992
I, [2019-05-16T07:47:14.052631 #2486]  INFO -- : 2019-05-16 00:47:14 UTC /dasia-j-streeter_id_G9150642586253414726
I, [2019-05-16T07:47:14.052736 #2486]  INFO -- : 2019-05-16 00:47:14 UTC https://www.fastpeoplesearch.com/dasia-j-streeter_id_G9150642586253414726
I, [2019-05-16T07:47:35.070165 #2486]  INFO -- : 2019-05-16 00:47:35 UTC /jennifer-sanders-smith_id_G-653605359120615846
I, [2019-05-16T07:47:35.070283 #2486]  INFO -- : 2019-05-16 00:47:35 UTC /ms-jennifer-marie-smith_id_G-8410677610662896929
I, [2019-05-16T07:47:35.070353 #2486]  INFO -- : 2019-05-16 00:47:35 UTC /ms-jennifer-helene-smith_id_G784746359426705283
I, [2019-05-16T07:47:35.070479 #2486]  INFO -- : 2019-05-16 00:47:35 UTC /jennifer-jean-smith_id_G-7642864303473271181
I, [2019-05-16T07:47:35.070553 #2486]  INFO -- : 2019-05-16 00:47:35 UTC /jennifer-lynn-smith_id_G333776102089973470
I, [2019-05-16T07:47:35.070615 #2486]  INFO -- : 2019-05-16 00:47:35 UTC /ms-jennifer-renee-smith_id_G-7805567940078630947
I, [2019-05-16T07:47:35.070864 #2486]  INFO -- : 2019-05-16 00:47:35 UTC /jennifer-elaine-walker_id_G8918423399445158024
I, [2019-05-16T07:47:35.070915 #2486]  INFO -- : 2019-05-16 00:47:35 UTC /ms-jennifer-ann-gleason_id_G1074274716632205648
I, [2019-05-16T07:47:35.070960 #2486]  INFO -- : 2019-05-16 00:47:35 UTC /ms-jennifer-j-pedigo_id_G-571392237768277497
I, [2019-05-16T07:47:35.071018 #2486]  INFO -- : 2019-05-16 00:47:35 UTC /ms-gigi-smith_id_G-6052418694530834050
I, [2019-05-16T07:47:35.071069 #2486]  INFO -- : 2019-05-16 00:47:35 UTC https://www.fastpeoplesearch.com/jennifer-sanders-smith_id_G-653605359120615846
I, [2019-05-16T07:47:52.762144 #2486]  INFO -- : 2019-05-16 00:47:52 UTC /ms-shannon-m-graham_id_G-7599910141095491166
I, [2019-05-16T07:47:52.762253 #2486]  INFO -- : 2019-05-16 00:47:52 UTC /shannon-leigh-graham_id_G-4070017288626320251
I, [2019-05-16T07:47:52.762305 #2486]  INFO -- : 2019-05-16 00:47:52 UTC /shannon-d-maykowski_id_G-5291111725759704281
I, [2019-05-16T07:47:52.762365 #2486]  INFO -- : 2019-05-16 00:47:52 UTC /shannon-m-long_id_G-5351036990428311635
I, [2019-05-16T07:47:52.762419 #2486]  INFO -- : 2019-05-16 00:47:52 UTC https://www.fastpeoplesearch.com/ms-shannon-m-graham_id_G-7599910141095491166
I, [2019-05-16T07:48:17.356834 #2486]  INFO -- : 2019-05-16 00:48:17 UTC /jack-wentsai-chang_id_G-8066929015165412564
I, [2019-05-16T07:48:17.356962 #2486]  INFO -- : 2019-05-16 00:48:17 UTC https://www.fastpeoplesearch.com/jack-wentsai-chang_id_G-8066929015165412564
I, [2019-05-16T07:48:35.031179 #2486]  INFO -- : 2019-05-16 00:48:35 UTC /mary-g-granger_id_G4730943376362007814
I, [2019-05-16T07:48:35.031270 #2486]  INFO -- : 2019-05-16 00:48:35 UTC /ms-mary-j-granger_id_G-4608034390988633102
I, [2019-05-16T07:48:35.031389 #2486]  INFO -- : 2019-05-16 00:48:35 UTC https://www.fastpeoplesearch.com/mary-g-granger_id_G4730943376362007814
I, [2019-05-16T07:48:54.649052 #2486]  INFO -- : 2019-05-16 00:48:54 UTC /mr-robert-brendan-nelson_id_G-7110730979646052144
I, [2019-05-16T07:48:54.649163 #2486]  INFO -- : 2019-05-16 00:48:54 UTC /mr-robert-clark-nelson_id_G7609709666024151944
I, [2019-05-16T07:48:54.649290 #2486]  INFO -- : 2019-05-16 00:48:54 UTC /robert-d-nelson_id_G-2299673172104471797
I, [2019-05-16T07:48:54.649352 #2486]  INFO -- : 2019-05-16 00:48:54 UTC https://www.fastpeoplesearch.com/mr-robert-brendan-nelson_id_G-7110730979646052144
I, [2019-05-16T07:49:30.478769 #2486]  INFO -- : 2019-05-16 00:49:30 UTC /anna-maria-heredia_id_G-1233294605228998416
I, [2019-05-16T07:49:30.478866 #2486]  INFO -- : 2019-05-16 00:49:30 UTC /anna-marie-rivera_id_G-2611751816057056938
I, [2019-05-16T07:49:30.478915 #2486]  INFO -- : 2019-05-16 00:49:30 UTC https://www.fastpeoplesearch.com/anna-maria-heredia_id_G-1233294605228998416
I, [2019-05-16T07:50:06.344995 #2486]  INFO -- : 2019-05-16 00:50:06 UTC /mr-matthew-paul-leblanc_id_G2888670498372454995
I, [2019-05-16T07:50:06.345104 #2486]  INFO -- : 2019-05-16 00:50:06 UTC https://www.fastpeoplesearch.com/mr-matthew-paul-leblanc_id_G2888670498372454995
I, [2019-05-16T07:50:10.239591 #2486]  INFO -- : 2019-05-16 00:50:10 UTC /mr-robert-t-bailey_id_G9205351856160763790
I, [2019-05-16T07:50:10.239692 #2486]  INFO -- : 2019-05-16 00:50:10 UTC /robert-dailey_id_G-3987319924725656319
I, [2019-05-16T07:50:10.239745 #2486]  INFO -- : 2019-05-16 00:50:10 UTC /robert-a-dailey_id_G-6247624212768951667
I, [2019-05-16T07:50:10.239814 #2486]  INFO -- : 2019-05-16 00:50:10 UTC /robert-a-dailey_id_G-647305951258510462
I, [2019-05-16T07:50:10.239920 #2486]  INFO -- : 2019-05-16 00:50:10 UTC https://www.fastpeoplesearch.com/mr-robert-t-bailey_id_G9205351856160763790
